2021-03-10 14:00:07,128 WARNING telemarket:__init__.py:load_api_user load_api_user failed, token: None
2021-03-10 14:00:09,324 WARNING telemarket:__init__.py:load_api_user load_api_user failed, token: None
2021-03-10 14:01:56,741 WARNING telemarket:__init__.py:load_api_user load_api_user failed, token: None
2021-03-10 14:10:31,338 WARNING telemarket:__init__.py:load_api_user load_api_user failed, token: None
2021-03-10 14:10:35,759 WARNING telemarket:__init__.py:load_api_user load_api_user failed, token: None
2021-03-10 14:11:50,396 WARNING telemarket:__init__.py:load_api_user load_api_user failed, token: None
2021-03-10 14:12:37,461 WARNING telemarket:__init__.py:load_api_user load_api_user failed, token: None
2021-03-10 14:13:04,687 WARNING telemarket:__init__.py:load_api_user load_api_user failed, token: None
2021-03-10 14:14:49,024 WARNING telemarket:__init__.py:load_api_user load_api_user failed, token: None
2021-03-10 14:14:55,660 WARNING telemarket:__init__.py:load_api_user load_api_user failed, token: None
2021-03-10 14:15:51,844 WARNING telemarket:__init__.py:load_api_user load_api_user failed, token: None
2021-03-10 14:47:07,907 WARNING telemarket:__init__.py:load_api_user load_api_user failed, token: None
2021-03-10 14:49:39,740 ERROR telemarket:view_helper.py:wrapped_function exceptions must derive from BaseException
Traceback (most recent call last):
  File "/Users/z/demo_nj/words/app/common/view_helper.py", line 107, in wrapped_function
    result = func(**kwargs)
  File "/Users/z/demo_nj/words/app/views/customer.py", line 176, in create_customer
    raise exception_handler
TypeError: exceptions must derive from BaseException
2021-03-10 14:49:42,171 ERROR telemarket:view_helper.py:wrapped_function exceptions must derive from BaseException
Traceback (most recent call last):
  File "/Users/z/demo_nj/words/app/common/view_helper.py", line 107, in wrapped_function
    result = func(**kwargs)
  File "/Users/z/demo_nj/words/app/views/customer.py", line 176, in create_customer
    raise exception_handler
TypeError: exceptions must derive from BaseException
2021-03-10 14:50:07,556 ERROR telemarket:view_helper.py:wrapped_function exceptions must derive from BaseException
Traceback (most recent call last):
  File "/Users/z/demo_nj/words/app/common/view_helper.py", line 107, in wrapped_function
    result = func(**kwargs)
  File "/Users/z/demo_nj/words/app/views/customer.py", line 176, in create_customer
    raise exception_handler
TypeError: exceptions must derive from BaseException
2021-03-10 14:50:28,933 ERROR telemarket:view_helper.py:wrapped_function exceptions must derive from BaseException
Traceback (most recent call last):
  File "/Users/z/demo_nj/words/app/common/view_helper.py", line 107, in wrapped_function
    result = func(**kwargs)
  File "/Users/z/demo_nj/words/app/views/customer.py", line 176, in create_customer
    raise exception_handler
TypeError: exceptions must derive from BaseException
2021-03-10 14:50:33,256 ERROR telemarket:view_helper.py:wrapped_function exceptions must derive from BaseException
Traceback (most recent call last):
  File "/Users/z/demo_nj/words/app/common/view_helper.py", line 107, in wrapped_function
    result = func(**kwargs)
  File "/Users/z/demo_nj/words/app/views/customer.py", line 176, in create_customer
    raise exception_handler
TypeError: exceptions must derive from BaseException
2021-03-10 14:52:18,408 ERROR telemarket:view_helper.py:wrapped_function exceptions must derive from BaseException
Traceback (most recent call last):
  File "/Users/z/demo_nj/words/app/common/view_helper.py", line 107, in wrapped_function
    result = func(**kwargs)
  File "/Users/z/demo_nj/words/app/views/customer.py", line 176, in create_customer
    raise exception_handler
TypeError: exceptions must derive from BaseException
2021-03-10 14:52:56,496 ERROR telemarket:view_helper.py:wrapped_function exceptions must derive from BaseException
Traceback (most recent call last):
  File "/Users/z/demo_nj/words/app/common/view_helper.py", line 107, in wrapped_function
    result = func(**kwargs)
  File "/Users/z/demo_nj/words/app/views/customer.py", line 176, in create_customer
    raise exception_handler
TypeError: exceptions must derive from BaseException
2021-03-10 14:53:40,665 ERROR telemarket:view_helper.py:wrapped_function 
Traceback (most recent call last):
  File "/Users/z/demo_nj/words/app/common/view_helper.py", line 107, in wrapped_function
    result = func(**kwargs)
  File "/Users/z/demo_nj/words/app/views/customer.py", line 176, in create_customer
    raise exceptions.InvalidParamError(ErrorCode.ERROR_CUSTOMER_EXIST)
app.common.exceptions.InvalidParamError
2021-03-10 14:59:55,616 ERROR telemarket:view_helper.py:wrapped_function 
Traceback (most recent call last):
  File "/Users/z/demo_nj/words/app/common/view_helper.py", line 39, in get_param
    raise InvalidParamError(message="参数类型错误", data=[key])
app.common.exceptions.InvalidParamError

During handling of the above exception, another exception occurred:

Traceback (most recent call last):
  File "/Users/z/demo_nj/words/app/common/view_helper.py", line 107, in wrapped_function
    result = func(**kwargs)
  File "/Users/z/demo_nj/words/app/views/customer.py", line 170, in create_customer
    level = get_param(params, 'level', str, False, None, CustomerLever)
  File "/Users/z/demo_nj/words/app/common/view_helper.py", line 42, in get_param
    raise InvalidParamError(message="参数错误", data=[key])
app.common.exceptions.InvalidParamError
2021-03-10 15:00:00,617 ERROR telemarket:view_helper.py:wrapped_function 
Traceback (most recent call last):
  File "/Users/z/demo_nj/words/app/common/view_helper.py", line 39, in get_param
    raise InvalidParamError(message="参数类型错误", data=[key])
app.common.exceptions.InvalidParamError

During handling of the above exception, another exception occurred:

Traceback (most recent call last):
  File "/Users/z/demo_nj/words/app/common/view_helper.py", line 107, in wrapped_function
    result = func(**kwargs)
  File "/Users/z/demo_nj/words/app/views/customer.py", line 170, in create_customer
    level = get_param(params, 'level', str, False, None, CustomerLever)
  File "/Users/z/demo_nj/words/app/common/view_helper.py", line 42, in get_param
    raise InvalidParamError(message="参数错误", data=[key])
app.common.exceptions.InvalidParamError
2021-03-10 15:00:26,781 ERROR telemarket:view_helper.py:wrapped_function 
Traceback (most recent call last):
  File "/Users/z/demo_nj/words/app/common/view_helper.py", line 39, in get_param
    raise InvalidParamError(message="参数类型错误", data=[key])
app.common.exceptions.InvalidParamError

During handling of the above exception, another exception occurred:

Traceback (most recent call last):
  File "/Users/z/demo_nj/words/app/common/view_helper.py", line 107, in wrapped_function
    result = func(**kwargs)
  File "/Users/z/demo_nj/words/app/views/customer.py", line 170, in create_customer
    level = get_param(params, 'level', str, False, None, CustomerLever)
  File "/Users/z/demo_nj/words/app/common/view_helper.py", line 42, in get_param
    raise InvalidParamError(message="参数错误", data=[key])
app.common.exceptions.InvalidParamError
2021-03-10 15:00:51,460 ERROR telemarket:view_helper.py:wrapped_function 
Traceback (most recent call last):
  File "/Users/z/demo_nj/words/app/common/view_helper.py", line 39, in get_param
    raise InvalidParamError(message="参数类型错误", data=[key])
app.common.exceptions.InvalidParamError

During handling of the above exception, another exception occurred:

Traceback (most recent call last):
  File "/Users/z/demo_nj/words/app/common/view_helper.py", line 107, in wrapped_function
    result = func(**kwargs)
  File "/Users/z/demo_nj/words/app/views/customer.py", line 170, in create_customer
    level = get_param(params, 'level', str, False, None, CustomerLever)
  File "/Users/z/demo_nj/words/app/common/view_helper.py", line 42, in get_param
    raise InvalidParamError(message="参数错误", data=[key])
app.common.exceptions.InvalidParamError
2021-03-10 15:02:21,968 ERROR telemarket:view_helper.py:wrapped_function 
Traceback (most recent call last):
  File "/Users/z/demo_nj/words/app/common/view_helper.py", line 39, in get_param
    raise InvalidParamError(message="参数类型错误", data=[key])
app.common.exceptions.InvalidParamError

During handling of the above exception, another exception occurred:

Traceback (most recent call last):
  File "/Users/z/demo_nj/words/app/common/view_helper.py", line 107, in wrapped_function
    result = func(**kwargs)
  File "/Users/z/demo_nj/words/app/views/customer.py", line 171, in create_customer
    platform = get_param(params, 'platform', int, False, None, CustomerPlatformService)
  File "/Users/z/demo_nj/words/app/common/view_helper.py", line 42, in get_param
    raise InvalidParamError(message="参数错误", data=[key])
app.common.exceptions.InvalidParamError
2021-03-10 15:02:57,464 ERROR telemarket:view_helper.py:wrapped_function 
Traceback (most recent call last):
  File "/Users/z/demo_nj/words/app/common/view_helper.py", line 39, in get_param
    raise InvalidParamError(message="参数类型错误", data=[key])
app.common.exceptions.InvalidParamError

During handling of the above exception, another exception occurred:

Traceback (most recent call last):
  File "/Users/z/demo_nj/words/app/common/view_helper.py", line 107, in wrapped_function
    result = func(**kwargs)
  File "/Users/z/demo_nj/words/app/views/customer.py", line 171, in create_customer
    platform = get_param(params, 'platform', int, False, None, CustomerPlatformService)
  File "/Users/z/demo_nj/words/app/common/view_helper.py", line 42, in get_param
    raise InvalidParamError(message="参数错误", data=[key])
app.common.exceptions.InvalidParamError
2021-03-10 15:03:56,392 ERROR telemarket:view_helper.py:wrapped_function 
Traceback (most recent call last):
  File "/Users/z/demo_nj/words/app/common/view_helper.py", line 25, in get_param
    print(val)
UnboundLocalError: local variable 'val' referenced before assignment

During handling of the above exception, another exception occurred:

Traceback (most recent call last):
  File "/Users/z/demo_nj/words/app/common/view_helper.py", line 108, in wrapped_function
    result = func(**kwargs)
  File "/Users/z/demo_nj/words/app/views/customer.py", line 164, in create_customer
    name = get_param(params, 'name', str, False, None)
  File "/Users/z/demo_nj/words/app/common/view_helper.py", line 43, in get_param
    raise InvalidParamError(message="参数错误", data=[key])
app.common.exceptions.InvalidParamError
2021-03-10 15:04:15,457 ERROR telemarket:view_helper.py:wrapped_function 
Traceback (most recent call last):
  File "/Users/z/demo_nj/words/app/common/view_helper.py", line 39, in get_param
    raise InvalidParamError(message="参数类型错误", data=[key])
app.common.exceptions.InvalidParamError

During handling of the above exception, another exception occurred:

Traceback (most recent call last):
  File "/Users/z/demo_nj/words/app/common/view_helper.py", line 107, in wrapped_function
    result = func(**kwargs)
  File "/Users/z/demo_nj/words/app/views/customer.py", line 171, in create_customer
    platform = get_param(params, 'platform', int, False, None, CustomerPlatformService)
  File "/Users/z/demo_nj/words/app/common/view_helper.py", line 42, in get_param
    raise InvalidParamError(message="参数错误", data=[key])
app.common.exceptions.InvalidParamError
2021-03-10 15:04:16,186 ERROR telemarket:view_helper.py:wrapped_function 
Traceback (most recent call last):
  File "/Users/z/demo_nj/words/app/common/view_helper.py", line 39, in get_param
    raise InvalidParamError(message="参数类型错误", data=[key])
app.common.exceptions.InvalidParamError

During handling of the above exception, another exception occurred:

Traceback (most recent call last):
  File "/Users/z/demo_nj/words/app/common/view_helper.py", line 107, in wrapped_function
    result = func(**kwargs)
  File "/Users/z/demo_nj/words/app/views/customer.py", line 171, in create_customer
    platform = get_param(params, 'platform', int, False, None, CustomerPlatformService)
  File "/Users/z/demo_nj/words/app/common/view_helper.py", line 42, in get_param
    raise InvalidParamError(message="参数错误", data=[key])
app.common.exceptions.InvalidParamError
2021-03-10 15:04:16,199 ERROR telemarket:view_helper.py:wrapped_function 
Traceback (most recent call last):
  File "/Users/z/demo_nj/words/app/common/view_helper.py", line 39, in get_param
    raise InvalidParamError(message="参数类型错误", data=[key])
app.common.exceptions.InvalidParamError

During handling of the above exception, another exception occurred:

Traceback (most recent call last):
  File "/Users/z/demo_nj/words/app/common/view_helper.py", line 107, in wrapped_function
    result = func(**kwargs)
  File "/Users/z/demo_nj/words/app/views/customer.py", line 171, in create_customer
    platform = get_param(params, 'platform', int, False, None, CustomerPlatformService)
  File "/Users/z/demo_nj/words/app/common/view_helper.py", line 42, in get_param
    raise InvalidParamError(message="参数错误", data=[key])
app.common.exceptions.InvalidParamError
2021-03-10 15:04:16,347 ERROR telemarket:view_helper.py:wrapped_function 
Traceback (most recent call last):
  File "/Users/z/demo_nj/words/app/common/view_helper.py", line 39, in get_param
    raise InvalidParamError(message="参数类型错误", data=[key])
app.common.exceptions.InvalidParamError

During handling of the above exception, another exception occurred:

Traceback (most recent call last):
  File "/Users/z/demo_nj/words/app/common/view_helper.py", line 107, in wrapped_function
    result = func(**kwargs)
  File "/Users/z/demo_nj/words/app/views/customer.py", line 171, in create_customer
    platform = get_param(params, 'platform', int, False, None, CustomerPlatformService)
  File "/Users/z/demo_nj/words/app/common/view_helper.py", line 42, in get_param
    raise InvalidParamError(message="参数错误", data=[key])
app.common.exceptions.InvalidParamError
2021-03-10 15:04:16,504 ERROR telemarket:view_helper.py:wrapped_function 
Traceback (most recent call last):
  File "/Users/z/demo_nj/words/app/common/view_helper.py", line 39, in get_param
    raise InvalidParamError(message="参数类型错误", data=[key])
app.common.exceptions.InvalidParamError

During handling of the above exception, another exception occurred:

Traceback (most recent call last):
  File "/Users/z/demo_nj/words/app/common/view_helper.py", line 107, in wrapped_function
    result = func(**kwargs)
  File "/Users/z/demo_nj/words/app/views/customer.py", line 171, in create_customer
    platform = get_param(params, 'platform', int, False, None, CustomerPlatformService)
  File "/Users/z/demo_nj/words/app/common/view_helper.py", line 42, in get_param
    raise InvalidParamError(message="参数错误", data=[key])
app.common.exceptions.InvalidParamError
2021-03-10 15:04:16,652 ERROR telemarket:view_helper.py:wrapped_function 
Traceback (most recent call last):
  File "/Users/z/demo_nj/words/app/common/view_helper.py", line 39, in get_param
    raise InvalidParamError(message="参数类型错误", data=[key])
app.common.exceptions.InvalidParamError

During handling of the above exception, another exception occurred:

Traceback (most recent call last):
  File "/Users/z/demo_nj/words/app/common/view_helper.py", line 107, in wrapped_function
    result = func(**kwargs)
  File "/Users/z/demo_nj/words/app/views/customer.py", line 171, in create_customer
    platform = get_param(params, 'platform', int, False, None, CustomerPlatformService)
  File "/Users/z/demo_nj/words/app/common/view_helper.py", line 42, in get_param
    raise InvalidParamError(message="参数错误", data=[key])
app.common.exceptions.InvalidParamError
2021-03-10 15:04:16,817 ERROR telemarket:view_helper.py:wrapped_function 
Traceback (most recent call last):
  File "/Users/z/demo_nj/words/app/common/view_helper.py", line 39, in get_param
    raise InvalidParamError(message="参数类型错误", data=[key])
app.common.exceptions.InvalidParamError

During handling of the above exception, another exception occurred:

Traceback (most recent call last):
  File "/Users/z/demo_nj/words/app/common/view_helper.py", line 107, in wrapped_function
    result = func(**kwargs)
  File "/Users/z/demo_nj/words/app/views/customer.py", line 171, in create_customer
    platform = get_param(params, 'platform', int, False, None, CustomerPlatformService)
  File "/Users/z/demo_nj/words/app/common/view_helper.py", line 42, in get_param
    raise InvalidParamError(message="参数错误", data=[key])
app.common.exceptions.InvalidParamError
2021-03-10 15:04:16,984 ERROR telemarket:view_helper.py:wrapped_function 
Traceback (most recent call last):
  File "/Users/z/demo_nj/words/app/common/view_helper.py", line 39, in get_param
    raise InvalidParamError(message="参数类型错误", data=[key])
app.common.exceptions.InvalidParamError

During handling of the above exception, another exception occurred:

Traceback (most recent call last):
  File "/Users/z/demo_nj/words/app/common/view_helper.py", line 107, in wrapped_function
    result = func(**kwargs)
  File "/Users/z/demo_nj/words/app/views/customer.py", line 171, in create_customer
    platform = get_param(params, 'platform', int, False, None, CustomerPlatformService)
  File "/Users/z/demo_nj/words/app/common/view_helper.py", line 42, in get_param
    raise InvalidParamError(message="参数错误", data=[key])
app.common.exceptions.InvalidParamError
2021-03-10 15:04:17,139 ERROR telemarket:view_helper.py:wrapped_function 
Traceback (most recent call last):
  File "/Users/z/demo_nj/words/app/common/view_helper.py", line 39, in get_param
    raise InvalidParamError(message="参数类型错误", data=[key])
app.common.exceptions.InvalidParamError

During handling of the above exception, another exception occurred:

Traceback (most recent call last):
  File "/Users/z/demo_nj/words/app/common/view_helper.py", line 107, in wrapped_function
    result = func(**kwargs)
  File "/Users/z/demo_nj/words/app/views/customer.py", line 171, in create_customer
    platform = get_param(params, 'platform', int, False, None, CustomerPlatformService)
  File "/Users/z/demo_nj/words/app/common/view_helper.py", line 42, in get_param
    raise InvalidParamError(message="参数错误", data=[key])
app.common.exceptions.InvalidParamError
2021-03-10 15:04:17,313 ERROR telemarket:view_helper.py:wrapped_function 
Traceback (most recent call last):
  File "/Users/z/demo_nj/words/app/common/view_helper.py", line 39, in get_param
    raise InvalidParamError(message="参数类型错误", data=[key])
app.common.exceptions.InvalidParamError

During handling of the above exception, another exception occurred:

Traceback (most recent call last):
  File "/Users/z/demo_nj/words/app/common/view_helper.py", line 107, in wrapped_function
    result = func(**kwargs)
  File "/Users/z/demo_nj/words/app/views/customer.py", line 171, in create_customer
    platform = get_param(params, 'platform', int, False, None, CustomerPlatformService)
  File "/Users/z/demo_nj/words/app/common/view_helper.py", line 42, in get_param
    raise InvalidParamError(message="参数错误", data=[key])
app.common.exceptions.InvalidParamError
2021-03-10 15:04:17,494 ERROR telemarket:view_helper.py:wrapped_function 
Traceback (most recent call last):
  File "/Users/z/demo_nj/words/app/common/view_helper.py", line 39, in get_param
    raise InvalidParamError(message="参数类型错误", data=[key])
app.common.exceptions.InvalidParamError

During handling of the above exception, another exception occurred:

Traceback (most recent call last):
  File "/Users/z/demo_nj/words/app/common/view_helper.py", line 107, in wrapped_function
    result = func(**kwargs)
  File "/Users/z/demo_nj/words/app/views/customer.py", line 171, in create_customer
    platform = get_param(params, 'platform', int, False, None, CustomerPlatformService)
  File "/Users/z/demo_nj/words/app/common/view_helper.py", line 42, in get_param
    raise InvalidParamError(message="参数错误", data=[key])
app.common.exceptions.InvalidParamError
2021-03-10 15:04:17,716 ERROR telemarket:view_helper.py:wrapped_function 
Traceback (most recent call last):
  File "/Users/z/demo_nj/words/app/common/view_helper.py", line 39, in get_param
    raise InvalidParamError(message="参数类型错误", data=[key])
app.common.exceptions.InvalidParamError

During handling of the above exception, another exception occurred:

Traceback (most recent call last):
  File "/Users/z/demo_nj/words/app/common/view_helper.py", line 107, in wrapped_function
    result = func(**kwargs)
  File "/Users/z/demo_nj/words/app/views/customer.py", line 171, in create_customer
    platform = get_param(params, 'platform', int, False, None, CustomerPlatformService)
  File "/Users/z/demo_nj/words/app/common/view_helper.py", line 42, in get_param
    raise InvalidParamError(message="参数错误", data=[key])
app.common.exceptions.InvalidParamError
2021-03-10 15:04:17,897 ERROR telemarket:view_helper.py:wrapped_function 
Traceback (most recent call last):
  File "/Users/z/demo_nj/words/app/common/view_helper.py", line 39, in get_param
    raise InvalidParamError(message="参数类型错误", data=[key])
app.common.exceptions.InvalidParamError

During handling of the above exception, another exception occurred:

Traceback (most recent call last):
  File "/Users/z/demo_nj/words/app/common/view_helper.py", line 107, in wrapped_function
    result = func(**kwargs)
  File "/Users/z/demo_nj/words/app/views/customer.py", line 171, in create_customer
    platform = get_param(params, 'platform', int, False, None, CustomerPlatformService)
  File "/Users/z/demo_nj/words/app/common/view_helper.py", line 42, in get_param
    raise InvalidParamError(message="参数错误", data=[key])
app.common.exceptions.InvalidParamError
2021-03-10 15:04:18,070 ERROR telemarket:view_helper.py:wrapped_function 
Traceback (most recent call last):
  File "/Users/z/demo_nj/words/app/common/view_helper.py", line 39, in get_param
    raise InvalidParamError(message="参数类型错误", data=[key])
app.common.exceptions.InvalidParamError

During handling of the above exception, another exception occurred:

Traceback (most recent call last):
  File "/Users/z/demo_nj/words/app/common/view_helper.py", line 107, in wrapped_function
    result = func(**kwargs)
  File "/Users/z/demo_nj/words/app/views/customer.py", line 171, in create_customer
    platform = get_param(params, 'platform', int, False, None, CustomerPlatformService)
  File "/Users/z/demo_nj/words/app/common/view_helper.py", line 42, in get_param
    raise InvalidParamError(message="参数错误", data=[key])
app.common.exceptions.InvalidParamError
2021-03-10 15:04:18,277 ERROR telemarket:view_helper.py:wrapped_function 
Traceback (most recent call last):
  File "/Users/z/demo_nj/words/app/common/view_helper.py", line 39, in get_param
    raise InvalidParamError(message="参数类型错误", data=[key])
app.common.exceptions.InvalidParamError

During handling of the above exception, another exception occurred:

Traceback (most recent call last):
  File "/Users/z/demo_nj/words/app/common/view_helper.py", line 107, in wrapped_function
    result = func(**kwargs)
  File "/Users/z/demo_nj/words/app/views/customer.py", line 171, in create_customer
    platform = get_param(params, 'platform', int, False, None, CustomerPlatformService)
  File "/Users/z/demo_nj/words/app/common/view_helper.py", line 42, in get_param
    raise InvalidParamError(message="参数错误", data=[key])
app.common.exceptions.InvalidParamError
2021-03-10 15:04:18,458 ERROR telemarket:view_helper.py:wrapped_function 
Traceback (most recent call last):
  File "/Users/z/demo_nj/words/app/common/view_helper.py", line 39, in get_param
    raise InvalidParamError(message="参数类型错误", data=[key])
app.common.exceptions.InvalidParamError

During handling of the above exception, another exception occurred:

Traceback (most recent call last):
  File "/Users/z/demo_nj/words/app/common/view_helper.py", line 107, in wrapped_function
    result = func(**kwargs)
  File "/Users/z/demo_nj/words/app/views/customer.py", line 171, in create_customer
    platform = get_param(params, 'platform', int, False, None, CustomerPlatformService)
  File "/Users/z/demo_nj/words/app/common/view_helper.py", line 42, in get_param
    raise InvalidParamError(message="参数错误", data=[key])
app.common.exceptions.InvalidParamError
2021-03-10 15:04:36,413 ERROR telemarket:view_helper.py:wrapped_function 
Traceback (most recent call last):
  File "/Users/z/demo_nj/words/app/common/view_helper.py", line 39, in get_param
    raise InvalidParamError(message="参数类型错误", data=[key])
app.common.exceptions.InvalidParamError

During handling of the above exception, another exception occurred:

Traceback (most recent call last):
  File "/Users/z/demo_nj/words/app/common/view_helper.py", line 107, in wrapped_function
    result = func(**kwargs)
  File "/Users/z/demo_nj/words/app/views/customer.py", line 171, in create_customer
    platform = get_param(params, 'platform', int, False, None, CustomerPlatformService)
  File "/Users/z/demo_nj/words/app/common/view_helper.py", line 42, in get_param
    raise InvalidParamError(message="参数错误", data=[key])
app.common.exceptions.InvalidParamError
2021-03-10 15:04:38,041 ERROR telemarket:view_helper.py:wrapped_function 
Traceback (most recent call last):
  File "/Users/z/demo_nj/words/app/common/view_helper.py", line 39, in get_param
    raise InvalidParamError(message="参数类型错误", data=[key])
app.common.exceptions.InvalidParamError

During handling of the above exception, another exception occurred:

Traceback (most recent call last):
  File "/Users/z/demo_nj/words/app/common/view_helper.py", line 107, in wrapped_function
    result = func(**kwargs)
  File "/Users/z/demo_nj/words/app/views/customer.py", line 171, in create_customer
    platform = get_param(params, 'platform', int, False, None, CustomerPlatformService)
  File "/Users/z/demo_nj/words/app/common/view_helper.py", line 42, in get_param
    raise InvalidParamError(message="参数错误", data=[key])
app.common.exceptions.InvalidParamError
2021-03-10 15:04:41,100 ERROR telemarket:view_helper.py:wrapped_function 
Traceback (most recent call last):
  File "/Users/z/demo_nj/words/app/common/view_helper.py", line 39, in get_param
    raise InvalidParamError(message="参数类型错误", data=[key])
app.common.exceptions.InvalidParamError

During handling of the above exception, another exception occurred:

Traceback (most recent call last):
  File "/Users/z/demo_nj/words/app/common/view_helper.py", line 107, in wrapped_function
    result = func(**kwargs)
  File "/Users/z/demo_nj/words/app/views/customer.py", line 171, in create_customer
    platform = get_param(params, 'platform', int, False, None, CustomerPlatformService)
  File "/Users/z/demo_nj/words/app/common/view_helper.py", line 42, in get_param
    raise InvalidParamError(message="参数错误", data=[key])
app.common.exceptions.InvalidParamError
2021-03-10 15:05:17,201 ERROR telemarket:view_helper.py:wrapped_function 
Traceback (most recent call last):
  File "/Users/z/demo_nj/words/app/common/view_helper.py", line 39, in get_param
    raise InvalidParamError(message="参数类型错误", data=[key])
app.common.exceptions.InvalidParamError

During handling of the above exception, another exception occurred:

Traceback (most recent call last):
  File "/Users/z/demo_nj/words/app/common/view_helper.py", line 107, in wrapped_function
    result = func(**kwargs)
  File "/Users/z/demo_nj/words/app/views/customer.py", line 171, in create_customer
    platform = get_param(params, 'platform', int, False, None, CustomerPlatformService)
  File "/Users/z/demo_nj/words/app/common/view_helper.py", line 42, in get_param
    raise InvalidParamError(message="参数错误", data=[key])
app.common.exceptions.InvalidParamError
2021-03-10 15:05:17,772 ERROR telemarket:view_helper.py:wrapped_function 
Traceback (most recent call last):
  File "/Users/z/demo_nj/words/app/common/view_helper.py", line 39, in get_param
    raise InvalidParamError(message="参数类型错误", data=[key])
app.common.exceptions.InvalidParamError

During handling of the above exception, another exception occurred:

Traceback (most recent call last):
  File "/Users/z/demo_nj/words/app/common/view_helper.py", line 107, in wrapped_function
    result = func(**kwargs)
  File "/Users/z/demo_nj/words/app/views/customer.py", line 171, in create_customer
    platform = get_param(params, 'platform', int, False, None, CustomerPlatformService)
  File "/Users/z/demo_nj/words/app/common/view_helper.py", line 42, in get_param
    raise InvalidParamError(message="参数错误", data=[key])
app.common.exceptions.InvalidParamError
2021-03-10 15:05:17,785 ERROR telemarket:view_helper.py:wrapped_function 
Traceback (most recent call last):
  File "/Users/z/demo_nj/words/app/common/view_helper.py", line 39, in get_param
    raise InvalidParamError(message="参数类型错误", data=[key])
app.common.exceptions.InvalidParamError

During handling of the above exception, another exception occurred:

Traceback (most recent call last):
  File "/Users/z/demo_nj/words/app/common/view_helper.py", line 107, in wrapped_function
    result = func(**kwargs)
  File "/Users/z/demo_nj/words/app/views/customer.py", line 171, in create_customer
    platform = get_param(params, 'platform', int, False, None, CustomerPlatformService)
  File "/Users/z/demo_nj/words/app/common/view_helper.py", line 42, in get_param
    raise InvalidParamError(message="参数错误", data=[key])
app.common.exceptions.InvalidParamError
2021-03-10 15:05:17,920 ERROR telemarket:view_helper.py:wrapped_function 
Traceback (most recent call last):
  File "/Users/z/demo_nj/words/app/common/view_helper.py", line 39, in get_param
    raise InvalidParamError(message="参数类型错误", data=[key])
app.common.exceptions.InvalidParamError

During handling of the above exception, another exception occurred:

Traceback (most recent call last):
  File "/Users/z/demo_nj/words/app/common/view_helper.py", line 107, in wrapped_function
    result = func(**kwargs)
  File "/Users/z/demo_nj/words/app/views/customer.py", line 171, in create_customer
    platform = get_param(params, 'platform', int, False, None, CustomerPlatformService)
  File "/Users/z/demo_nj/words/app/common/view_helper.py", line 42, in get_param
    raise InvalidParamError(message="参数错误", data=[key])
app.common.exceptions.InvalidParamError
2021-03-10 15:05:18,052 ERROR telemarket:view_helper.py:wrapped_function 
Traceback (most recent call last):
  File "/Users/z/demo_nj/words/app/common/view_helper.py", line 39, in get_param
    raise InvalidParamError(message="参数类型错误", data=[key])
app.common.exceptions.InvalidParamError

During handling of the above exception, another exception occurred:

Traceback (most recent call last):
  File "/Users/z/demo_nj/words/app/common/view_helper.py", line 107, in wrapped_function
    result = func(**kwargs)
  File "/Users/z/demo_nj/words/app/views/customer.py", line 171, in create_customer
    platform = get_param(params, 'platform', int, False, None, CustomerPlatformService)
  File "/Users/z/demo_nj/words/app/common/view_helper.py", line 42, in get_param
    raise InvalidParamError(message="参数错误", data=[key])
app.common.exceptions.InvalidParamError
2021-03-10 15:05:18,191 ERROR telemarket:view_helper.py:wrapped_function 
Traceback (most recent call last):
  File "/Users/z/demo_nj/words/app/common/view_helper.py", line 39, in get_param
    raise InvalidParamError(message="参数类型错误", data=[key])
app.common.exceptions.InvalidParamError

During handling of the above exception, another exception occurred:

Traceback (most recent call last):
  File "/Users/z/demo_nj/words/app/common/view_helper.py", line 107, in wrapped_function
    result = func(**kwargs)
  File "/Users/z/demo_nj/words/app/views/customer.py", line 171, in create_customer
    platform = get_param(params, 'platform', int, False, None, CustomerPlatformService)
  File "/Users/z/demo_nj/words/app/common/view_helper.py", line 42, in get_param
    raise InvalidParamError(message="参数错误", data=[key])
app.common.exceptions.InvalidParamError
2021-03-10 15:05:18,324 ERROR telemarket:view_helper.py:wrapped_function 
Traceback (most recent call last):
  File "/Users/z/demo_nj/words/app/common/view_helper.py", line 39, in get_param
    raise InvalidParamError(message="参数类型错误", data=[key])
app.common.exceptions.InvalidParamError

During handling of the above exception, another exception occurred:

Traceback (most recent call last):
  File "/Users/z/demo_nj/words/app/common/view_helper.py", line 107, in wrapped_function
    result = func(**kwargs)
  File "/Users/z/demo_nj/words/app/views/customer.py", line 171, in create_customer
    platform = get_param(params, 'platform', int, False, None, CustomerPlatformService)
  File "/Users/z/demo_nj/words/app/common/view_helper.py", line 42, in get_param
    raise InvalidParamError(message="参数错误", data=[key])
app.common.exceptions.InvalidParamError
2021-03-10 15:07:03,447 ERROR telemarket:view_helper.py:wrapped_function 
Traceback (most recent call last):
  File "/Users/z/demo_nj/words/app/common/view_helper.py", line 40, in get_param
    raise InvalidParamError(message="参数类型错误", data=[key])
app.common.exceptions.InvalidParamError

During handling of the above exception, another exception occurred:

Traceback (most recent call last):
  File "/Users/z/demo_nj/words/app/common/view_helper.py", line 108, in wrapped_function
    result = func(**kwargs)
  File "/Users/z/demo_nj/words/app/views/customer.py", line 171, in create_customer
    platform = get_param(params, 'platform', int, False, None, CustomerPlatformService)
  File "/Users/z/demo_nj/words/app/common/view_helper.py", line 43, in get_param
    raise InvalidParamError(message="参数错误", data=[key])
app.common.exceptions.InvalidParamError
2021-03-10 15:08:07,483 ERROR telemarket:view_helper.py:wrapped_function 
Traceback (most recent call last):
  File "/Users/z/demo_nj/words/app/common/view_helper.py", line 39, in get_param
    raise InvalidParamError(message="参数类型错误", data=[key])
app.common.exceptions.InvalidParamError

During handling of the above exception, another exception occurred:

Traceback (most recent call last):
  File "/Users/z/demo_nj/words/app/common/view_helper.py", line 109, in wrapped_function
    result = func(**kwargs)
  File "/Users/z/demo_nj/words/app/views/customer.py", line 171, in create_customer
    platform = get_param(params, 'platform', int, False, None, CustomerPlatformService)
  File "/Users/z/demo_nj/words/app/common/view_helper.py", line 44, in get_param
    raise InvalidParamError(message="参数错误", data=[key])
app.common.exceptions.InvalidParamError
2021-03-10 15:08:08,267 ERROR telemarket:view_helper.py:wrapped_function 
Traceback (most recent call last):
  File "/Users/z/demo_nj/words/app/common/view_helper.py", line 39, in get_param
    raise InvalidParamError(message="参数类型错误", data=[key])
app.common.exceptions.InvalidParamError

During handling of the above exception, another exception occurred:

Traceback (most recent call last):
  File "/Users/z/demo_nj/words/app/common/view_helper.py", line 109, in wrapped_function
    result = func(**kwargs)
  File "/Users/z/demo_nj/words/app/views/customer.py", line 171, in create_customer
    platform = get_param(params, 'platform', int, False, None, CustomerPlatformService)
  File "/Users/z/demo_nj/words/app/common/view_helper.py", line 44, in get_param
    raise InvalidParamError(message="参数错误", data=[key])
app.common.exceptions.InvalidParamError
2021-03-10 15:08:08,279 ERROR telemarket:view_helper.py:wrapped_function 
Traceback (most recent call last):
  File "/Users/z/demo_nj/words/app/common/view_helper.py", line 39, in get_param
    raise InvalidParamError(message="参数类型错误", data=[key])
app.common.exceptions.InvalidParamError

During handling of the above exception, another exception occurred:

Traceback (most recent call last):
  File "/Users/z/demo_nj/words/app/common/view_helper.py", line 109, in wrapped_function
    result = func(**kwargs)
  File "/Users/z/demo_nj/words/app/views/customer.py", line 171, in create_customer
    platform = get_param(params, 'platform', int, False, None, CustomerPlatformService)
  File "/Users/z/demo_nj/words/app/common/view_helper.py", line 44, in get_param
    raise InvalidParamError(message="参数错误", data=[key])
app.common.exceptions.InvalidParamError
2021-03-10 15:08:49,439 ERROR telemarket:view_helper.py:wrapped_function 
Traceback (most recent call last):
  File "/Users/z/demo_nj/words/app/common/view_helper.py", line 39, in get_param
    raise InvalidParamError(message="参数类型错误", data=[key])
app.common.exceptions.InvalidParamError

During handling of the above exception, another exception occurred:

Traceback (most recent call last):
  File "/Users/z/demo_nj/words/app/common/view_helper.py", line 107, in wrapped_function
    result = func(**kwargs)
  File "/Users/z/demo_nj/words/app/views/customer.py", line 171, in create_customer
    platform = get_param(params, 'platform', int, False, None, CustomerPlatformService)
  File "/Users/z/demo_nj/words/app/common/view_helper.py", line 42, in get_param
    raise InvalidParamError(message="参数错误", data=[key])
app.common.exceptions.InvalidParamError
2021-03-10 15:09:28,018 ERROR telemarket:view_helper.py:wrapped_function 
Traceback (most recent call last):
  File "/Users/z/demo_nj/words/app/common/view_helper.py", line 39, in get_param
    raise InvalidParamError(message="参数类型错误", data=[key])
app.common.exceptions.InvalidParamError

During handling of the above exception, another exception occurred:

Traceback (most recent call last):
  File "/Users/z/demo_nj/words/app/common/view_helper.py", line 109, in wrapped_function
    result = func(**kwargs)
  File "/Users/z/demo_nj/words/app/views/customer.py", line 171, in create_customer
    platform = get_param(params, 'platform', int, False, None, CustomerPlatformService)
  File "/Users/z/demo_nj/words/app/common/view_helper.py", line 44, in get_param
    raise InvalidParamError(message="参数错误", data=[key])
app.common.exceptions.InvalidParamError
2021-03-10 15:09:45,892 ERROR telemarket:view_helper.py:wrapped_function 
Traceback (most recent call last):
  File "/Users/z/demo_nj/words/app/common/view_helper.py", line 39, in get_param
    raise InvalidParamError(message="参数类型错误", data=[key])
app.common.exceptions.InvalidParamError

During handling of the above exception, another exception occurred:

Traceback (most recent call last):
  File "/Users/z/demo_nj/words/app/common/view_helper.py", line 109, in wrapped_function
    result = func(**kwargs)
  File "/Users/z/demo_nj/words/app/views/customer.py", line 171, in create_customer
    platform = get_param(params, 'platform', int, False, None, CustomerPlatformService)
  File "/Users/z/demo_nj/words/app/common/view_helper.py", line 44, in get_param
    raise InvalidParamError(message="参数错误", data=[key])
app.common.exceptions.InvalidParamError
2021-03-10 15:10:07,897 ERROR telemarket:view_helper.py:wrapped_function 
Traceback (most recent call last):
  File "/Users/z/demo_nj/words/app/common/view_helper.py", line 40, in get_param
    raise InvalidParamError(message="参数类型错误", data=[key])
app.common.exceptions.InvalidParamError

During handling of the above exception, another exception occurred:

Traceback (most recent call last):
  File "/Users/z/demo_nj/words/app/common/view_helper.py", line 110, in wrapped_function
    result = func(**kwargs)
  File "/Users/z/demo_nj/words/app/views/customer.py", line 171, in create_customer
    platform = get_param(params, 'platform', int, False, None, CustomerPlatformService)
  File "/Users/z/demo_nj/words/app/common/view_helper.py", line 45, in get_param
    raise InvalidParamError(message="参数错误", data=[key])
app.common.exceptions.InvalidParamError
2021-03-10 15:10:15,268 ERROR telemarket:view_helper.py:wrapped_function 
Traceback (most recent call last):
  File "/Users/z/demo_nj/words/app/common/view_helper.py", line 40, in get_param
    raise InvalidParamError(message="参数类型错误", data=[key])
app.common.exceptions.InvalidParamError

During handling of the above exception, another exception occurred:

Traceback (most recent call last):
  File "/Users/z/demo_nj/words/app/common/view_helper.py", line 110, in wrapped_function
    result = func(**kwargs)
  File "/Users/z/demo_nj/words/app/views/customer.py", line 171, in create_customer
    platform = get_param(params, 'platform', int, False, None, CustomerPlatformService)
  File "/Users/z/demo_nj/words/app/common/view_helper.py", line 45, in get_param
    raise InvalidParamError(message="参数错误", data=[key])
app.common.exceptions.InvalidParamError
2021-03-10 15:10:30,298 ERROR telemarket:view_helper.py:wrapped_function 
Traceback (most recent call last):
  File "/Users/z/demo_nj/words/app/common/view_helper.py", line 40, in get_param
    raise InvalidParamError(message="参数类型错误", data=[key])
app.common.exceptions.InvalidParamError

During handling of the above exception, another exception occurred:

Traceback (most recent call last):
  File "/Users/z/demo_nj/words/app/common/view_helper.py", line 110, in wrapped_function
    result = func(**kwargs)
  File "/Users/z/demo_nj/words/app/views/customer.py", line 171, in create_customer
    platform = get_param(params, 'platform', int, False, None, CustomerPlatformService)
  File "/Users/z/demo_nj/words/app/common/view_helper.py", line 45, in get_param
    raise InvalidParamError(message="参数错误", data=[key])
app.common.exceptions.InvalidParamError
2021-03-10 15:11:31,052 ERROR telemarket:view_helper.py:wrapped_function 
Traceback (most recent call last):
  File "/Users/z/demo_nj/words/app/common/view_helper.py", line 42, in get_param
    raise InvalidParamError(message="参数类型错误", data=[key])
app.common.exceptions.InvalidParamError

During handling of the above exception, another exception occurred:

Traceback (most recent call last):
  File "/Users/z/demo_nj/words/app/common/view_helper.py", line 112, in wrapped_function
    result = func(**kwargs)
  File "/Users/z/demo_nj/words/app/views/customer.py", line 171, in create_customer
    platform = get_param(params, 'platform', int, False, None, CustomerPlatformService)
  File "/Users/z/demo_nj/words/app/common/view_helper.py", line 47, in get_param
    raise InvalidParamError(message="参数错误", data=[key])
app.common.exceptions.InvalidParamError
2021-03-10 15:11:53,767 ERROR telemarket:view_helper.py:wrapped_function 
Traceback (most recent call last):
  File "/Users/z/demo_nj/words/app/common/view_helper.py", line 42, in get_param
    raise InvalidParamError(message="参数类型错误", data=[key])
app.common.exceptions.InvalidParamError

During handling of the above exception, another exception occurred:

Traceback (most recent call last):
  File "/Users/z/demo_nj/words/app/common/view_helper.py", line 112, in wrapped_function
    result = func(**kwargs)
  File "/Users/z/demo_nj/words/app/views/customer.py", line 171, in create_customer
    platform = get_param(params, 'platform', int, False, None, CustomerPlatformService)
  File "/Users/z/demo_nj/words/app/common/view_helper.py", line 47, in get_param
    raise InvalidParamError(message="参数错误", data=[key])
app.common.exceptions.InvalidParamError
2021-03-10 15:15:09,671 WARNING telemarket:__init__.py:load_api_user load_api_user failed, token: None
2021-03-10 15:15:29,479 WARNING telemarket:__init__.py:load_api_user load_api_user failed, token: None
2021-03-10 15:17:04,216 WARNING telemarket:__init__.py:load_api_user load_api_user failed, token: None
2021-03-10 15:17:24,490 ERROR telemarket:view_helper.py:wrapped_function 'int' object has no attribute 'split'
Traceback (most recent call last):
  File "/Users/z/demo_nj/words/app/common/view_helper.py", line 108, in wrapped_function
    result = func(**kwargs)
  File "/Users/z/demo_nj/words/app/views/customer.py", line 305, in delete_customer
    customer_id_list = customer_id.split(',')
AttributeError: 'int' object has no attribute 'split'
2021-03-10 15:17:34,797 WARNING telemarket:__init__.py:load_api_user load_api_user failed, token: None
2021-03-10 15:19:17,722 WARNING telemarket:__init__.py:load_api_user load_api_user failed, token: None
2021-03-10 15:19:47,097 ERROR telemarket:view_helper.py:wrapped_function update() takes 1 positional argument but 2 were given
Traceback (most recent call last):
  File "/Users/z/demo_nj/words/app/common/view_helper.py", line 108, in wrapped_function
    result = func(**kwargs)
  File "/Users/z/demo_nj/words/app/views/customer.py", line 286, in update_customer
    customer.update(update_dict)
TypeError: update() takes 1 positional argument but 2 were given
2021-03-10 15:58:46,792 WARNING telemarket:__init__.py:load_api_user load_api_user failed, token: None
2021-03-10 16:03:08,349 WARNING telemarket:__init__.py:load_api_user load_api_user failed, token: None
2021-03-10 21:09:38,213 WARNING telemarket:__init__.py:load_api_user load_api_user failed, token: None
2021-03-10 21:18:23,414 WARNING telemarket:__init__.py:load_api_user load_api_user failed, token: None
2021-03-10 21:21:49,080 WARNING telemarket:__init__.py:load_api_user load_api_user failed, token: None
2021-03-10 21:21:59,389 WARNING telemarket:__init__.py:load_api_user load_api_user failed, token: None
2021-03-10 21:22:33,463 WARNING telemarket:__init__.py:load_api_user load_api_user failed, token: None
2021-03-10 21:22:38,132 ERROR telemarket:view_helper.py:wrapped_function 
Traceback (most recent call last):
  File "/Users/z/demo_nj/words/app/common/view_helper.py", line 27, in get_param
    val = params.get(key)
AttributeError: 'NoneType' object has no attribute 'get'

During handling of the above exception, another exception occurred:

Traceback (most recent call last):
  File "/Users/z/demo_nj/words/app/common/view_helper.py", line 108, in wrapped_function
    result = func(**kwargs)
  File "/Users/z/demo_nj/words/app/views/customer.py", line 330, in get_customer_level_platform_type
    customer_id_list = get_param(params, 'customer_id_list', list, False, None)
  File "/Users/z/demo_nj/words/app/common/view_helper.py", line 43, in get_param
    raise InvalidParamError(message="参数错误", data=[key])
app.common.exceptions.InvalidParamError
2021-03-12 13:42:26,463 ERROR telemarket:view_helper.py:wrapped_function 
Traceback (most recent call last):
  File "/Users/z/demo_nj/words/app/common/view_helper.py", line 108, in wrapped_function
    result = func(**kwargs)
  File "/Users/z/demo_nj/words/app/views/customer.py", line 275, in update_customer
    raise exceptions.InvalidParamError(ErrorCode.ERROR_CUSTOMER_EXIST)
app.common.exceptions.InvalidParamError
2021-03-12 13:45:29,772 ERROR telemarket:view_helper.py:wrapped_function 
Traceback (most recent call last):
  File "/Users/z/demo_nj/words/app/common/view_helper.py", line 108, in wrapped_function
    result = func(**kwargs)
  File "/Users/z/demo_nj/words/app/views/customer.py", line 275, in update_customer
    raise exceptions.InvalidParamError(ErrorCode.ERROR_CUSTOMER_EXIST)
app.common.exceptions.InvalidParamError
2021-03-12 13:46:27,133 ERROR telemarket:view_helper.py:wrapped_function unsupported operand type(s) for +: 'NoneType' and 'NoneType'
Traceback (most recent call last):
  File "/Users/z/demo_nj/words/app/common/view_helper.py", line 108, in wrapped_function
    result = func(**kwargs)
  File "/Users/z/demo_nj/words/app/views/customer.py", line 263, in update_customer
    log.info(name + company + str(platform))
TypeError: unsupported operand type(s) for +: 'NoneType' and 'NoneType'
2021-03-12 13:46:45,269 ERROR telemarket:view_helper.py:wrapped_function 
Traceback (most recent call last):
  File "/Users/z/demo_nj/words/app/common/view_helper.py", line 108, in wrapped_function
    result = func(**kwargs)
  File "/Users/z/demo_nj/words/app/views/customer.py", line 276, in update_customer
    raise exceptions.InvalidParamError(ErrorCode.ERROR_CUSTOMER_EXIST)
app.common.exceptions.InvalidParamError
2021-03-12 13:59:34,491 ERROR telemarket:view_helper.py:wrapped_function Object <class 'app.models.Customer.Customer'> is not legal as a SQL literal value
Traceback (most recent call last):
  File "/Users/z/demo_nj/words/app/common/view_helper.py", line 108, in wrapped_function
    result = func(**kwargs)
  File "/Users/z/demo_nj/words/app/views/customer.py", line 268, in update_customer
    conditions.append(Customer.name == Customer,name)
  File "/usr/local/lib/python3.7/site-packages/sqlalchemy/sql/operators.py", line 365, in __eq__
    return self.operate(eq, other)
  File "/usr/local/lib/python3.7/site-packages/sqlalchemy/orm/attributes.py", line 217, in operate
    return op(self.comparator, *other, **kwargs)
  File "/usr/local/lib/python3.7/site-packages/sqlalchemy/sql/operators.py", line 365, in __eq__
    return self.operate(eq, other)
  File "/usr/local/lib/python3.7/site-packages/sqlalchemy/orm/properties.py", line 315, in operate
    return op(self.__clause_element__(), *other, **kwargs)
  File "/usr/local/lib/python3.7/site-packages/sqlalchemy/sql/annotation.py", line 104, in __eq__
    return self.__element.__class__.__eq__(self, other)
  File "/usr/local/lib/python3.7/site-packages/sqlalchemy/sql/operators.py", line 365, in __eq__
    return self.operate(eq, other)
  File "/usr/local/lib/python3.7/site-packages/sqlalchemy/sql/elements.py", line 725, in operate
    return op(self.comparator, *other, **kwargs)
  File "/usr/local/lib/python3.7/site-packages/sqlalchemy/sql/operators.py", line 365, in __eq__
    return self.operate(eq, other)
  File "<string>", line 1, in <lambda>
  File "/usr/local/lib/python3.7/site-packages/sqlalchemy/sql/type_api.py", line 67, in operate
    return o[0](self.expr, op, *(other + o[1:]), **kwargs)
  File "/usr/local/lib/python3.7/site-packages/sqlalchemy/sql/default_comparator.py", line 105, in _boolean_compare
    obj = _check_literal(expr, op, obj)
  File "/usr/local/lib/python3.7/site-packages/sqlalchemy/sql/default_comparator.py", line 373, in _check_literal
    return expr._bind_param(operator, other, type_=bindparam_type)
  File "/usr/local/lib/python3.7/site-packages/sqlalchemy/sql/elements.py", line 4067, in _bind_param
    unique=True,
  File "/usr/local/lib/python3.7/site-packages/sqlalchemy/sql/elements.py", line 1187, in __init__
    _compared_to_operator, value
  File "/usr/local/lib/python3.7/site-packages/sqlalchemy/sql/type_api.py", line 563, in coerce_compared_value
    _coerced_type = _resolve_value_to_type(value)
  File "/usr/local/lib/python3.7/site-packages/sqlalchemy/sql/sqltypes.py", line 2877, in _resolve_value_to_type
    "Object %r is not legal as a SQL literal value" % value
sqlalchemy.exc.ArgumentError: Object <class 'app.models.Customer.Customer'> is not legal as a SQL literal value
2021-03-12 14:01:43,107 ERROR telemarket:view_helper.py:wrapped_function 
Traceback (most recent call last):
  File "/Users/z/demo_nj/words/app/common/view_helper.py", line 108, in wrapped_function
    result = func(**kwargs)
  File "/Users/z/demo_nj/words/app/views/customer.py", line 285, in update_customer
    raise exceptions.InvalidParamError(ErrorCode.ERROR_CUSTOMER_EXIST)
app.common.exceptions.InvalidParamError
2021-03-12 18:51:06,980 ERROR telemarket:view_helper.py:wrapped_function 
Traceback (most recent call last):
  File "/Users/z/demo_nj/words/app/common/view_helper.py", line 108, in wrapped_function
    result = func(**kwargs)
  File "/Users/z/demo_nj/words/app/views/customer.py", line 260, in update_customer
    raise exceptions.InvalidParamError(ErrorCode.ERROR_CUSTOMER_NOT_EXIST)
app.common.exceptions.InvalidParamError
2021-03-12 19:42:16,304 WARNING telemarket:__init__.py:load_api_user load_api_user failed, token: None
2021-03-12 19:42:20,054 WARNING telemarket:__init__.py:load_api_user load_api_user failed, token: None
2021-03-12 19:42:22,550 WARNING telemarket:__init__.py:load_api_user load_api_user failed, token: None
2021-03-12 20:06:54,523 ERROR telemarket:view_helper.py:wrapped_function 
Traceback (most recent call last):
  File "/Users/z/demo_nj/words/app/common/view_helper.py", line 27, in get_param
    val = params.get(key)
AttributeError: 'NoneType' object has no attribute 'get'

During handling of the above exception, another exception occurred:

Traceback (most recent call last):
  File "/Users/z/demo_nj/words/app/common/view_helper.py", line 108, in wrapped_function
    result = func(**kwargs)
  File "/Users/z/demo_nj/words/app/views/customer.py", line 319, in delete_customer
    customer_id_list = get_param(params, 'customer_id_list', list, False, None)
  File "/Users/z/demo_nj/words/app/common/view_helper.py", line 43, in get_param
    raise InvalidParamError(message="参数错误", data=[key])
app.common.exceptions.InvalidParamError
2021-03-12 20:07:53,805 ERROR telemarket:view_helper.py:wrapped_function 
Traceback (most recent call last):
  File "/Users/z/demo_nj/words/app/common/view_helper.py", line 27, in get_param
    val = params.get(key)
AttributeError: 'NoneType' object has no attribute 'get'

During handling of the above exception, another exception occurred:

Traceback (most recent call last):
  File "/Users/z/demo_nj/words/app/common/view_helper.py", line 108, in wrapped_function
    result = func(**kwargs)
  File "/Users/z/demo_nj/words/app/views/customer.py", line 319, in delete_customer
    customer_id_list = get_param(params, 'customer_id_list', list, False, None)
  File "/Users/z/demo_nj/words/app/common/view_helper.py", line 43, in get_param
    raise InvalidParamError(message="参数错误", data=[key])
app.common.exceptions.InvalidParamError
2021-03-12 20:12:03,353 ERROR telemarket:view_helper.py:wrapped_function 
Traceback (most recent call last):
  File "/Users/z/demo_nj/words/app/common/view_helper.py", line 27, in get_param
    val = params.get(key)
AttributeError: 'NoneType' object has no attribute 'get'

During handling of the above exception, another exception occurred:

Traceback (most recent call last):
  File "/Users/z/demo_nj/words/app/common/view_helper.py", line 108, in wrapped_function
    result = func(**kwargs)
  File "/Users/z/demo_nj/words/app/views/customer.py", line 319, in delete_customer
    customer_id_list = get_param(params, 'customer_id_list', list, False, None)
  File "/Users/z/demo_nj/words/app/common/view_helper.py", line 43, in get_param
    raise InvalidParamError(message="参数错误", data=[key])
app.common.exceptions.InvalidParamError
2021-03-12 20:12:17,697 ERROR telemarket:view_helper.py:wrapped_function 
Traceback (most recent call last):
  File "/Users/z/demo_nj/words/app/common/view_helper.py", line 27, in get_param
    val = params.get(key)
AttributeError: 'NoneType' object has no attribute 'get'

During handling of the above exception, another exception occurred:

Traceback (most recent call last):
  File "/Users/z/demo_nj/words/app/common/view_helper.py", line 108, in wrapped_function
    result = func(**kwargs)
  File "/Users/z/demo_nj/words/app/views/customer.py", line 319, in delete_customer
    customer_id_list = get_param(params, 'customer_id_list', list, False, None)
  File "/Users/z/demo_nj/words/app/common/view_helper.py", line 43, in get_param
    raise InvalidParamError(message="参数错误", data=[key])
app.common.exceptions.InvalidParamError
2021-03-12 20:18:20,266 ERROR telemarket:view_helper.py:wrapped_function 
Traceback (most recent call last):
  File "/Users/z/demo_nj/words/app/common/view_helper.py", line 27, in get_param
    val = params.get(key)
AttributeError: 'NoneType' object has no attribute 'get'

During handling of the above exception, another exception occurred:

Traceback (most recent call last):
  File "/Users/z/demo_nj/words/app/common/view_helper.py", line 108, in wrapped_function
    result = func(**kwargs)
  File "/Users/z/demo_nj/words/app/views/customer.py", line 319, in delete_customer
    customer_id_list = get_param(params, 'customer_id_list', list, False, None)
  File "/Users/z/demo_nj/words/app/common/view_helper.py", line 43, in get_param
    raise InvalidParamError(message="参数错误", data=[key])
app.common.exceptions.InvalidParamError
2021-03-12 20:24:14,578 ERROR telemarket:view_helper.py:wrapped_function 
Traceback (most recent call last):
  File "/Users/z/demo_nj/words/app/common/view_helper.py", line 108, in wrapped_function
    result = func(**kwargs)
  File "/Users/z/demo_nj/words/app/views/customer.py", line 325, in delete_customer
    raise exceptions.InvalidParamError(ErrorCode.ERROR_CUSTOMER_NOT_EXIST)
app.common.exceptions.InvalidParamError
2021-03-12 20:24:40,061 ERROR telemarket:view_helper.py:wrapped_function 
Traceback (most recent call last):
  File "/Users/z/demo_nj/words/app/common/view_helper.py", line 108, in wrapped_function
    result = func(**kwargs)
  File "/Users/z/demo_nj/words/app/views/customer.py", line 325, in delete_customer
    raise exceptions.InvalidParamError(ErrorCode.ERROR_CUSTOMER_NOT_EXIST)
app.common.exceptions.InvalidParamError
2021-03-12 20:44:28,383 ERROR telemarket:view_helper.py:wrapped_function 
Traceback (most recent call last):
  File "/Users/z/demo_nj/words/app/common/view_helper.py", line 39, in get_param
    raise InvalidParamError(message="参数类型错误", data=[key])
app.common.exceptions.InvalidParamError

During handling of the above exception, another exception occurred:

Traceback (most recent call last):
  File "/Users/z/demo_nj/words/app/common/view_helper.py", line 108, in wrapped_function
    result = func(**kwargs)
  File "/Users/z/demo_nj/words/app/views/customer.py", line 256, in update_customer
    level = get_param(params, 'level', str, True, None, CustomerLever)
  File "/Users/z/demo_nj/words/app/common/view_helper.py", line 43, in get_param
    raise InvalidParamError(message="参数错误", data=[key])
app.common.exceptions.InvalidParamError
2021-03-12 20:45:51,979 ERROR telemarket:view_helper.py:wrapped_function 
Traceback (most recent call last):
  File "/Users/z/demo_nj/words/app/common/view_helper.py", line 39, in get_param
    raise InvalidParamError(message="参数类型错误", data=[key])
app.common.exceptions.InvalidParamError

During handling of the above exception, another exception occurred:

Traceback (most recent call last):
  File "/Users/z/demo_nj/words/app/common/view_helper.py", line 108, in wrapped_function
    result = func(**kwargs)
  File "/Users/z/demo_nj/words/app/views/customer.py", line 256, in update_customer
    level = get_param(params, 'level', str, True, None, CustomerLever)
  File "/Users/z/demo_nj/words/app/common/view_helper.py", line 43, in get_param
    raise InvalidParamError(message="参数错误", data=[key])
app.common.exceptions.InvalidParamError
2021-03-12 20:47:50,982 ERROR telemarket:view_helper.py:wrapped_function 
Traceback (most recent call last):
  File "/Users/z/demo_nj/words/app/common/view_helper.py", line 39, in get_param
    raise InvalidParamError(message="参数类型错误", data=[key])
app.common.exceptions.InvalidParamError

During handling of the above exception, another exception occurred:

Traceback (most recent call last):
  File "/Users/z/demo_nj/words/app/common/view_helper.py", line 108, in wrapped_function
    result = func(**kwargs)
  File "/Users/z/demo_nj/words/app/views/customer.py", line 256, in update_customer
    level = get_param(params, 'level', str, True, None, CustomerLever)
  File "/Users/z/demo_nj/words/app/common/view_helper.py", line 43, in get_param
    raise InvalidParamError(message="参数错误", data=[key])
app.common.exceptions.InvalidParamError
2021-03-12 20:48:53,393 ERROR telemarket:view_helper.py:wrapped_function 
Traceback (most recent call last):
  File "/Users/z/demo_nj/words/app/common/view_helper.py", line 39, in get_param
    raise InvalidParamError(message="参数类型错误", data=[key])
app.common.exceptions.InvalidParamError

During handling of the above exception, another exception occurred:

Traceback (most recent call last):
  File "/Users/z/demo_nj/words/app/common/view_helper.py", line 108, in wrapped_function
    result = func(**kwargs)
  File "/Users/z/demo_nj/words/app/views/customer.py", line 256, in update_customer
    level = get_param(params, 'level', str, True, None, CustomerLever)
  File "/Users/z/demo_nj/words/app/common/view_helper.py", line 43, in get_param
    raise InvalidParamError(message="参数错误", data=[key])
app.common.exceptions.InvalidParamError
2021-03-12 20:51:32,554 ERROR telemarket:view_helper.py:wrapped_function 
Traceback (most recent call last):
  File "/Users/z/demo_nj/words/app/common/view_helper.py", line 39, in get_param
    raise InvalidParamError(message="参数类型错误", data=[key])
app.common.exceptions.InvalidParamError

During handling of the above exception, another exception occurred:

Traceback (most recent call last):
  File "/Users/z/demo_nj/words/app/common/view_helper.py", line 108, in wrapped_function
    result = func(**kwargs)
  File "/Users/z/demo_nj/words/app/views/customer.py", line 256, in update_customer
    level = get_param(params, 'level', str, True, None, CustomerLever)
  File "/Users/z/demo_nj/words/app/common/view_helper.py", line 43, in get_param
    raise InvalidParamError(message="参数错误", data=[key])
app.common.exceptions.InvalidParamError
2021-03-13 10:22:00,700 ERROR telemarket:view_helper.py:wrapped_function 
Traceback (most recent call last):
  File "/Users/z/demo_nj/words/app/common/view_helper.py", line 38, in get_param
    if typ(val) not in type_group.state_mapping:
ValueError: invalid literal for int() with base 10: '京东旗舰店'

During handling of the above exception, another exception occurred:

Traceback (most recent call last):
  File "/Users/z/demo_nj/words/app/common/view_helper.py", line 108, in wrapped_function
    result = func(**kwargs)
  File "/Users/z/demo_nj/words/app/views/customer.py", line 257, in update_customer
    platform = get_param(params, 'platform', int, True, None, CustomerPlatformService)
  File "/Users/z/demo_nj/words/app/common/view_helper.py", line 43, in get_param
    raise InvalidParamError(message="参数错误", data=[key])
app.common.exceptions.InvalidParamError
2021-03-13 10:22:40,133 ERROR telemarket:view_helper.py:wrapped_function 
Traceback (most recent call last):
  File "/Users/z/demo_nj/words/app/common/view_helper.py", line 38, in get_param
    if typ(val) not in type_group.state_mapping:
ValueError: invalid literal for int() with base 10: '京东旗舰店'

During handling of the above exception, another exception occurred:

Traceback (most recent call last):
  File "/Users/z/demo_nj/words/app/common/view_helper.py", line 108, in wrapped_function
    result = func(**kwargs)
  File "/Users/z/demo_nj/words/app/views/customer.py", line 257, in update_customer
    platform = get_param(params, 'platform', int, True, None, CustomerPlatformService)
  File "/Users/z/demo_nj/words/app/common/view_helper.py", line 43, in get_param
    raise InvalidParamError(message="参数错误", data=[key])
app.common.exceptions.InvalidParamError
2021-03-13 10:28:48,429 ERROR telemarket:view_helper.py:wrapped_function 
Traceback (most recent call last):
  File "/Users/z/demo_nj/words/app/common/view_helper.py", line 39, in get_param
    raise InvalidParamError(message="参数类型错误", data=[key])
app.common.exceptions.InvalidParamError

During handling of the above exception, another exception occurred:

Traceback (most recent call last):
  File "/Users/z/demo_nj/words/app/common/view_helper.py", line 108, in wrapped_function
    result = func(**kwargs)
  File "/Users/z/demo_nj/words/app/views/customer.py", line 256, in update_customer
    level = get_param(params, 'level', str, True, None, CustomerLever)
  File "/Users/z/demo_nj/words/app/common/view_helper.py", line 43, in get_param
    raise InvalidParamError(message="参数错误", data=[key])
app.common.exceptions.InvalidParamError
2021-03-13 11:34:50,111 ERROR telemarket:view_helper.py:wrapped_function 
Traceback (most recent call last):
  File "/Users/z/demo_nj/words/app/common/view_helper.py", line 31, in get_param
    raise InvalidParamError(message="参数不能为空", data=[key])
app.common.exceptions.InvalidParamError

During handling of the above exception, another exception occurred:

Traceback (most recent call last):
  File "/Users/z/demo_nj/words/app/common/view_helper.py", line 108, in wrapped_function
    result = func(**kwargs)
  File "/Users/z/demo_nj/words/app/views/customer.py", line 176, in create_customer
    company = get_param(params, 'company', str, False, None)
  File "/Users/z/demo_nj/words/app/common/view_helper.py", line 43, in get_param
    raise InvalidParamError(message="参数错误", data=[key])
app.common.exceptions.InvalidParamError
2021-03-13 11:35:44,404 ERROR telemarket:view_helper.py:wrapped_function 
Traceback (most recent call last):
  File "/Users/z/demo_nj/words/app/common/view_helper.py", line 31, in get_param
    raise InvalidParamError(message="参数不能为空", data=[key])
app.common.exceptions.InvalidParamError

During handling of the above exception, another exception occurred:

Traceback (most recent call last):
  File "/Users/z/demo_nj/words/app/common/view_helper.py", line 108, in wrapped_function
    result = func(**kwargs)
  File "/Users/z/demo_nj/words/app/views/customer.py", line 175, in create_customer
    name = get_param(params, 'name', str, False, None)
  File "/Users/z/demo_nj/words/app/common/view_helper.py", line 43, in get_param
    raise InvalidParamError(message="参数错误", data=[key])
app.common.exceptions.InvalidParamError
2021-03-13 11:38:53,007 ERROR telemarket:view_helper.py:wrapped_function 
Traceback (most recent call last):
  File "/Users/z/demo_nj/words/app/common/view_helper.py", line 108, in wrapped_function
    result = func(**kwargs)
  File "/Users/z/demo_nj/words/app/views/customer.py", line 187, in create_customer
    raise exceptions.InvalidParamError(ErrorCode.ERROR_CUSTOMER_EXIST)
app.common.exceptions.InvalidParamError
2021-03-13 11:40:53,353 ERROR telemarket:view_helper.py:wrapped_function 
Traceback (most recent call last):
  File "/Users/z/demo_nj/words/app/common/view_helper.py", line 31, in get_param
    raise InvalidParamError(message="参数不能为空", data=[key])
app.common.exceptions.InvalidParamError

During handling of the above exception, another exception occurred:

Traceback (most recent call last):
  File "/Users/z/demo_nj/words/app/common/view_helper.py", line 108, in wrapped_function
    result = func(**kwargs)
  File "/Users/z/demo_nj/words/app/views/customer.py", line 175, in create_customer
    name = get_param(params, 'name', str, False, None)
  File "/Users/z/demo_nj/words/app/common/view_helper.py", line 43, in get_param
    raise InvalidParamError(message="参数错误", data=[key])
app.common.exceptions.InvalidParamError
2021-03-13 11:41:03,952 ERROR telemarket:view_helper.py:wrapped_function 
Traceback (most recent call last):
  File "/Users/z/demo_nj/words/app/common/view_helper.py", line 31, in get_param
    raise InvalidParamError(message="参数不能为空", data=[key])
app.common.exceptions.InvalidParamError

During handling of the above exception, another exception occurred:

Traceback (most recent call last):
  File "/Users/z/demo_nj/words/app/common/view_helper.py", line 108, in wrapped_function
    result = func(**kwargs)
  File "/Users/z/demo_nj/words/app/views/customer.py", line 175, in create_customer
    name = get_param(params, 'name', str, False, None)
  File "/Users/z/demo_nj/words/app/common/view_helper.py", line 43, in get_param
    raise InvalidParamError(message="参数错误", data=[key])
app.common.exceptions.InvalidParamError
2021-03-31 18:54:34,741 WARNING telemarket:__init__.py:load_api_user load_api_user failed, token: None
2021-03-31 18:54:49,630 WARNING telemarket:__init__.py:load_api_user load_api_user failed, token: None
2021-03-31 18:54:49,631 ERROR telemarket:view_helper.py:wrapped_function Could not build url for endpoint 'frontend.get_login'. Did you mean 'user_bp.login' instead?
Traceback (most recent call last):
  File "/Users/z/demo_nj/maijia/app/common/view_helper.py", line 108, in wrapped_function
    result = func(**kwargs)
  File "/usr/local/lib/python3.7/site-packages/flask_login.py", line 757, in decorated_view
    return current_app.login_manager.unauthorized()
  File "/usr/local/lib/python3.7/site-packages/flask_login.py", line 193, in unauthorized
    return self.unauthorized_callback()
  File "/Users/z/demo_nj/maijia/app/__init__.py", line 119, in unauthorized_callback
    'message': url_for("frontend.get_login"),
  File "/usr/local/lib/python3.7/site-packages/flask/helpers.py", line 332, in url_for
    return appctx.app.handle_url_build_error(error, endpoint, values)
  File "/usr/local/lib/python3.7/site-packages/flask/app.py", line 1811, in handle_url_build_error
    reraise(exc_type, exc_value, tb)
  File "/usr/local/lib/python3.7/site-packages/flask/_compat.py", line 33, in reraise
    raise value
  File "/usr/local/lib/python3.7/site-packages/flask/helpers.py", line 322, in url_for
    force_external=external)
  File "/usr/local/lib/python3.7/site-packages/werkzeug/routing.py", line 1758, in build
    raise BuildError(endpoint, values, method, self)
werkzeug.routing.BuildError: Could not build url for endpoint 'frontend.get_login'. Did you mean 'user_bp.login' instead?
2021-03-31 18:55:32,266 WARNING telemarket:__init__.py:load_api_user load_api_user failed, token: None
2021-03-31 18:55:32,267 ERROR telemarket:view_helper.py:wrapped_function Could not build url for endpoint 'user_bp.get_login'. Did you mean 'user_bp.login' instead?
Traceback (most recent call last):
  File "/Users/z/demo_nj/maijia/app/common/view_helper.py", line 108, in wrapped_function
    result = func(**kwargs)
  File "/usr/local/lib/python3.7/site-packages/flask_login.py", line 757, in decorated_view
    return current_app.login_manager.unauthorized()
  File "/usr/local/lib/python3.7/site-packages/flask_login.py", line 193, in unauthorized
    return self.unauthorized_callback()
  File "/Users/z/demo_nj/maijia/app/__init__.py", line 119, in unauthorized_callback
    'message': url_for("user_bp.get_login"),
  File "/usr/local/lib/python3.7/site-packages/flask/helpers.py", line 332, in url_for
    return appctx.app.handle_url_build_error(error, endpoint, values)
  File "/usr/local/lib/python3.7/site-packages/flask/app.py", line 1811, in handle_url_build_error
    reraise(exc_type, exc_value, tb)
  File "/usr/local/lib/python3.7/site-packages/flask/_compat.py", line 33, in reraise
    raise value
  File "/usr/local/lib/python3.7/site-packages/flask/helpers.py", line 322, in url_for
    force_external=external)
  File "/usr/local/lib/python3.7/site-packages/werkzeug/routing.py", line 1758, in build
    raise BuildError(endpoint, values, method, self)
werkzeug.routing.BuildError: Could not build url for endpoint 'user_bp.get_login'. Did you mean 'user_bp.login' instead?
2021-03-31 18:56:51,586 WARNING telemarket:__init__.py:load_api_user load_api_user failed, token: None
2021-03-31 18:56:59,513 ERROR telemarket:view_helper.py:wrapped_function cannot import name 'MyEncoder' from 'app.common.json_builder' (/Users/z/demo_nj/maijia/app/common/json_builder.py)
Traceback (most recent call last):
  File "/Users/z/demo_nj/maijia/app/common/view_helper.py", line 108, in wrapped_function
    result = func(**kwargs)
  File "/usr/local/lib/python3.7/site-packages/flask_cors/decorator.py", line 128, in wrapped_function
    resp = make_response(f(*args, **kwargs))
  File "/Users/z/demo_nj/maijia/app/views/user.py", line 71, in login
    from app.logic.verify_code_logic import verify_code
  File "/Users/z/demo_nj/maijia/app/logic/verify_code_logic.py", line 2, in <module>
    from app.cache.auth_code_cache import auth_code_cache, reset_verify_cache, reset_token_cache
  File "/Users/z/demo_nj/maijia/app/cache/auth_code_cache.py", line 5, in <module>
    from app.common.json_builder import MyEncoder
ImportError: cannot import name 'MyEncoder' from 'app.common.json_builder' (/Users/z/demo_nj/maijia/app/common/json_builder.py)
2021-03-31 18:57:57,169 ERROR telemarket:view_helper.py:wrapped_function cannot import name 'reset_verify_cache' from 'app.cache.auth_code_cache' (/Users/z/demo_nj/maijia/app/cache/auth_code_cache.py)
Traceback (most recent call last):
  File "/Users/z/demo_nj/maijia/app/common/view_helper.py", line 108, in wrapped_function
    result = func(**kwargs)
  File "/usr/local/lib/python3.7/site-packages/flask_cors/decorator.py", line 128, in wrapped_function
    resp = make_response(f(*args, **kwargs))
  File "/Users/z/demo_nj/maijia/app/views/user.py", line 71, in login
    from app.logic.verify_code_logic import verify_code
  File "/Users/z/demo_nj/maijia/app/logic/verify_code_logic.py", line 2, in <module>
    from app.cache.auth_code_cache import auth_code_cache, reset_verify_cache, reset_token_cache
ImportError: cannot import name 'reset_verify_cache' from 'app.cache.auth_code_cache' (/Users/z/demo_nj/maijia/app/cache/auth_code_cache.py)
2021-03-31 18:58:18,811 ERROR telemarket:view_helper.py:wrapped_function name 'exist_uuid' is not defined
Traceback (most recent call last):
  File "/Users/z/demo_nj/maijia/app/common/view_helper.py", line 108, in wrapped_function
    result = func(**kwargs)
  File "/usr/local/lib/python3.7/site-packages/flask_cors/decorator.py", line 128, in wrapped_function
    resp = make_response(f(*args, **kwargs))
  File "/Users/z/demo_nj/maijia/app/views/user.py", line 72, in login
    is_right = verify_code(otp, mobile)
  File "/Users/z/demo_nj/maijia/app/logic/verify_code_logic.py", line 20, in verify_code
    exist_code = auth_code_cache.get_auth_code(exist_uuid)
NameError: name 'exist_uuid' is not defined
2021-03-31 18:58:19,555 ERROR telemarket:view_helper.py:wrapped_function name 'exist_uuid' is not defined
Traceback (most recent call last):
  File "/Users/z/demo_nj/maijia/app/common/view_helper.py", line 108, in wrapped_function
    result = func(**kwargs)
  File "/usr/local/lib/python3.7/site-packages/flask_cors/decorator.py", line 128, in wrapped_function
    resp = make_response(f(*args, **kwargs))
  File "/Users/z/demo_nj/maijia/app/views/user.py", line 72, in login
    is_right = verify_code(otp, mobile)
  File "/Users/z/demo_nj/maijia/app/logic/verify_code_logic.py", line 20, in verify_code
    exist_code = auth_code_cache.get_auth_code(exist_uuid)
NameError: name 'exist_uuid' is not defined
2021-03-31 18:58:32,801 ERROR telemarket:view_helper.py:wrapped_function name 'mobile' is not defined
Traceback (most recent call last):
  File "/Users/z/demo_nj/maijia/app/common/view_helper.py", line 108, in wrapped_function
    result = func(**kwargs)
  File "/usr/local/lib/python3.7/site-packages/flask_cors/decorator.py", line 128, in wrapped_function
    resp = make_response(f(*args, **kwargs))
  File "/Users/z/demo_nj/maijia/app/views/user.py", line 72, in login
    is_right = verify_code(otp, mobile)
  File "/Users/z/demo_nj/maijia/app/logic/verify_code_logic.py", line 20, in verify_code
    exist_code = auth_code_cache.get_auth_code(mobile)
NameError: name 'mobile' is not defined
2021-03-31 18:58:33,488 ERROR telemarket:view_helper.py:wrapped_function name 'mobile' is not defined
Traceback (most recent call last):
  File "/Users/z/demo_nj/maijia/app/common/view_helper.py", line 108, in wrapped_function
    result = func(**kwargs)
  File "/usr/local/lib/python3.7/site-packages/flask_cors/decorator.py", line 128, in wrapped_function
    resp = make_response(f(*args, **kwargs))
  File "/Users/z/demo_nj/maijia/app/views/user.py", line 72, in login
    is_right = verify_code(otp, mobile)
  File "/Users/z/demo_nj/maijia/app/logic/verify_code_logic.py", line 20, in verify_code
    exist_code = auth_code_cache.get_auth_code(mobile)
NameError: name 'mobile' is not defined
2021-03-31 18:58:50,824 ERROR telemarket:view_helper.py:wrapped_function Error 61 connecting to 127.0.0.1:6379. Connection refused.
Traceback (most recent call last):
  File "/usr/local/lib/python3.7/site-packages/redis/connection.py", line 484, in connect
    sock = self._connect()
  File "/usr/local/lib/python3.7/site-packages/redis/connection.py", line 541, in _connect
    raise err
  File "/usr/local/lib/python3.7/site-packages/redis/connection.py", line 529, in _connect
    sock.connect(socket_address)
ConnectionRefusedError: [Errno 61] Connection refused

During handling of the above exception, another exception occurred:

Traceback (most recent call last):
  File "/usr/local/lib/python3.7/site-packages/redis/client.py", line 667, in execute_command
    connection.send_command(*args)
  File "/usr/local/lib/python3.7/site-packages/redis/connection.py", line 610, in send_command
    self.send_packed_command(self.pack_command(*args))
  File "/usr/local/lib/python3.7/site-packages/redis/connection.py", line 585, in send_packed_command
    self.connect()
  File "/usr/local/lib/python3.7/site-packages/redis/connection.py", line 489, in connect
    raise ConnectionError(self._error_message(e))
redis.exceptions.ConnectionError: Error 61 connecting to 127.0.0.1:6379. Connection refused.

During handling of the above exception, another exception occurred:

Traceback (most recent call last):
  File "/usr/local/lib/python3.7/site-packages/redis/connection.py", line 484, in connect
    sock = self._connect()
  File "/usr/local/lib/python3.7/site-packages/redis/connection.py", line 541, in _connect
    raise err
  File "/usr/local/lib/python3.7/site-packages/redis/connection.py", line 529, in _connect
    sock.connect(socket_address)
ConnectionRefusedError: [Errno 61] Connection refused

During handling of the above exception, another exception occurred:

Traceback (most recent call last):
  File "/Users/z/demo_nj/maijia/app/common/view_helper.py", line 108, in wrapped_function
    result = func(**kwargs)
  File "/usr/local/lib/python3.7/site-packages/flask_cors/decorator.py", line 128, in wrapped_function
    resp = make_response(f(*args, **kwargs))
  File "/Users/z/demo_nj/maijia/app/views/user.py", line 72, in login
    is_right = verify_code(otp, mobile)
  File "/Users/z/demo_nj/maijia/app/logic/verify_code_logic.py", line 20, in verify_code
    exist_code = auth_code_cache.get_auth_code(mobile)
  File "/Users/z/demo_nj/maijia/app/cache/auth_code_cache.py", line 26, in get_auth_code
    code_json = self.db.get(key)
  File "/usr/local/lib/python3.7/site-packages/redis/client.py", line 976, in get
    return self.execute_command('GET', name)
  File "/usr/local/lib/python3.7/site-packages/redis/client.py", line 673, in execute_command
    connection.send_command(*args)
  File "/usr/local/lib/python3.7/site-packages/redis/connection.py", line 610, in send_command
    self.send_packed_command(self.pack_command(*args))
  File "/usr/local/lib/python3.7/site-packages/redis/connection.py", line 585, in send_packed_command
    self.connect()
  File "/usr/local/lib/python3.7/site-packages/redis/connection.py", line 489, in connect
    raise ConnectionError(self._error_message(e))
redis.exceptions.ConnectionError: Error 61 connecting to 127.0.0.1:6379. Connection refused.
2021-03-31 18:59:08,225 ERROR telemarket:view_helper.py:wrapped_function Client sent AUTH, but no password is set
Traceback (most recent call last):
  File "/Users/z/demo_nj/maijia/app/common/view_helper.py", line 108, in wrapped_function
    result = func(**kwargs)
  File "/usr/local/lib/python3.7/site-packages/flask_cors/decorator.py", line 128, in wrapped_function
    resp = make_response(f(*args, **kwargs))
  File "/Users/z/demo_nj/maijia/app/views/user.py", line 72, in login
    is_right = verify_code(otp, mobile)
  File "/Users/z/demo_nj/maijia/app/logic/verify_code_logic.py", line 20, in verify_code
    exist_code = auth_code_cache.get_auth_code(mobile)
  File "/Users/z/demo_nj/maijia/app/cache/auth_code_cache.py", line 26, in get_auth_code
    code_json = self.db.get(key)
  File "/usr/local/lib/python3.7/site-packages/redis/client.py", line 976, in get
    return self.execute_command('GET', name)
  File "/usr/local/lib/python3.7/site-packages/redis/client.py", line 667, in execute_command
    connection.send_command(*args)
  File "/usr/local/lib/python3.7/site-packages/redis/connection.py", line 610, in send_command
    self.send_packed_command(self.pack_command(*args))
  File "/usr/local/lib/python3.7/site-packages/redis/connection.py", line 585, in send_packed_command
    self.connect()
  File "/usr/local/lib/python3.7/site-packages/redis/connection.py", line 493, in connect
    self.on_connect()
  File "/usr/local/lib/python3.7/site-packages/redis/connection.py", line 561, in on_connect
    if nativestr(self.read_response()) != 'OK':
  File "/usr/local/lib/python3.7/site-packages/redis/connection.py", line 629, in read_response
    raise response
redis.exceptions.ResponseError: Client sent AUTH, but no password is set
2021-03-31 18:59:47,908 ERROR telemarket:view_helper.py:wrapped_function Client sent AUTH, but no password is set
Traceback (most recent call last):
  File "/Users/z/demo_nj/maijia/app/common/view_helper.py", line 108, in wrapped_function
    result = func(**kwargs)
  File "/usr/local/lib/python3.7/site-packages/flask_cors/decorator.py", line 128, in wrapped_function
    resp = make_response(f(*args, **kwargs))
  File "/Users/z/demo_nj/maijia/app/views/user.py", line 72, in login
    is_right = verify_code(otp, mobile)
  File "/Users/z/demo_nj/maijia/app/logic/verify_code_logic.py", line 20, in verify_code
    exist_code = auth_code_cache.get_auth_code(mobile)
  File "/Users/z/demo_nj/maijia/app/cache/auth_code_cache.py", line 26, in get_auth_code
    code_json = self.db.get(key)
  File "/usr/local/lib/python3.7/site-packages/redis/client.py", line 976, in get
    return self.execute_command('GET', name)
  File "/usr/local/lib/python3.7/site-packages/redis/client.py", line 667, in execute_command
    connection.send_command(*args)
  File "/usr/local/lib/python3.7/site-packages/redis/connection.py", line 610, in send_command
    self.send_packed_command(self.pack_command(*args))
  File "/usr/local/lib/python3.7/site-packages/redis/connection.py", line 585, in send_packed_command
    self.connect()
  File "/usr/local/lib/python3.7/site-packages/redis/connection.py", line 493, in connect
    self.on_connect()
  File "/usr/local/lib/python3.7/site-packages/redis/connection.py", line 561, in on_connect
    if nativestr(self.read_response()) != 'OK':
  File "/usr/local/lib/python3.7/site-packages/redis/connection.py", line 629, in read_response
    raise response
redis.exceptions.ResponseError: Client sent AUTH, but no password is set
2021-03-31 19:00:50,853 ERROR telemarket:view_helper.py:wrapped_function Client sent AUTH, but no password is set
Traceback (most recent call last):
  File "/Users/z/demo_nj/maijia/app/common/view_helper.py", line 108, in wrapped_function
    result = func(**kwargs)
  File "/usr/local/lib/python3.7/site-packages/flask_cors/decorator.py", line 128, in wrapped_function
    resp = make_response(f(*args, **kwargs))
  File "/Users/z/demo_nj/maijia/app/views/user.py", line 72, in login
    is_right = verify_code(otp, mobile)
  File "/Users/z/demo_nj/maijia/app/logic/verify_code_logic.py", line 20, in verify_code
    exist_code = auth_code_cache.get_auth_code(mobile)
  File "/Users/z/demo_nj/maijia/app/cache/auth_code_cache.py", line 26, in get_auth_code
    code_json = self.db.get(key)
  File "/usr/local/lib/python3.7/site-packages/redis/client.py", line 976, in get
    return self.execute_command('GET', name)
  File "/usr/local/lib/python3.7/site-packages/redis/client.py", line 667, in execute_command
    connection.send_command(*args)
  File "/usr/local/lib/python3.7/site-packages/redis/connection.py", line 610, in send_command
    self.send_packed_command(self.pack_command(*args))
  File "/usr/local/lib/python3.7/site-packages/redis/connection.py", line 585, in send_packed_command
    self.connect()
  File "/usr/local/lib/python3.7/site-packages/redis/connection.py", line 493, in connect
    self.on_connect()
  File "/usr/local/lib/python3.7/site-packages/redis/connection.py", line 561, in on_connect
    if nativestr(self.read_response()) != 'OK':
  File "/usr/local/lib/python3.7/site-packages/redis/connection.py", line 629, in read_response
    raise response
redis.exceptions.ResponseError: Client sent AUTH, but no password is set
